Arguments: 
  E:\Program Files\nodejs\node.exe E:\Program Files\nodejs\node_global\node_modules\yarn\bin\yarn.js add redux-thunk --save

PATH: 
  C:\Python27\;C:\Python27\Scripts;C:\Program Files (x86)\PHP\v5.6;C:\ProgramData\Oracle\Java\javapath;C:\Program Files\Java\jdk1.6.0_45\bin;D:\maven\apache-maven-3.2.5\bin;C:\Windows\system32;C:\Windows;C:\Windows\System32\Wbem;C:\Windows\System32\WindowsPowerShell\v1.0\;C:\Program Files\TortoiseSVN\bin;E:\Program Files\nodejs\;E:\Program Files\nodejs\node_global\;C:\Program Files (x86)\Git\cmd;C:\Program Files (x86)\Heroku\bin;C:\Go\bin;C:\ProgramData\chocolatey\bin;D:\android\sdk\platform-tools;D:\android\sdk\tools;C:\Program Files\gradle-2.4\bin;

Yarn version: 
  0.18.1

Node version: 
  6.3.1

Platform: 
  win32 x64

npm manifest: 
  {
    "name": "native",
    "version": "1.0.0",
    "description": "self",
    "main": "index.js",
    "scripts": {
      "test": "echo \"Error: no test specified\" && exit 1"
    },
    "author": "ss",
    "license": "ISC",
    "devDependencies": {
      "redux-actions": "^1.2.0"
    },
    "dependencies": {
      "react-redux": "^5.0.1",
      "redux": "^3.6.0"
    }
  }

yarn manifest: 
  No manifest

Lockfile: 
  # THIS IS AN AUTOGENERATED FILE. DO NOT EDIT THIS FILE DIRECTLY.
  # yarn lockfile v1
  
  
  hoist-non-react-statics@^1.0.3:
    version "1.2.0"
    resolved "http://registry.npm.taobao.org/hoist-non-react-statics/download/hoist-non-react-statics-1.2.0.tgz#aa448cf0986d55cc40773b17174b7dd066cb7cfb"
  
  invariant@^2.0.0, invariant@^2.2.1:
    version "2.2.2"
    resolved "http://registry.npm.taobao.org/invariant/download/invariant-2.2.2.tgz#9e1f56ac0acdb6bf303306f338be3b204ae60360"
    dependencies:
      loose-envify "^1.0.0"
  
  js-tokens@^2.0.0:
    version "2.0.0"
    resolved "http://registry.npm.taobao.org/js-tokens/download/js-tokens-2.0.0.tgz#79903f5563ee778cc1162e6dcf1a0027c97f9cb5"
  
  lodash-es@^4.2.0, lodash-es@^4.2.1:
    version "4.17.2"
    resolved "http://registry.npm.taobao.org/lodash-es/download/lodash-es-4.17.2.tgz#59011b585166e613eb9dd5fc256b2cd1a30f3712"
  
  lodash@^4.13.1, lodash@^4.2.0, lodash@^4.2.1:
    version "4.17.2"
    resolved "http://registry.npm.taobao.org/lodash/download/lodash-4.17.2.tgz#34a3055babe04ce42467b607d700072c7ff6bf42"
  
  loose-envify@^1.0.0, loose-envify@^1.1.0:
    version "1.3.0"
    resolved "http://registry.npm.taobao.org/loose-envify/download/loose-envify-1.3.0.tgz#6b26248c42f6d4fa4b0d8542f78edfcde35642a8"
    dependencies:
      js-tokens "^2.0.0"
  
  react-redux@^5.0.1:
    version "5.0.1"
    resolved "http://registry.npm.taobao.org/react-redux/download/react-redux-5.0.1.tgz#84a41bd4cdd180452bb6922bc79ad25bd5abb7c4"
    dependencies:
      hoist-non-react-statics "^1.0.3"
      invariant "^2.0.0"
      lodash "^4.2.0"
      lodash-es "^4.2.0"
      loose-envify "^1.1.0"
  
  reduce-reducers@^0.1.0:
    version "0.1.2"
    resolved "http://registry.npm.taobao.org/reduce-reducers/download/reduce-reducers-0.1.2.tgz#fa1b4718bc5292a71ddd1e5d839c9bea9770f14b"
  
  redux-actions@^1.2.0:
    version "1.2.0"
    resolved "http://registry.npm.taobao.org/redux-actions/download/redux-actions-1.2.0.tgz#4f421f1aa74c827d5e8abce6c009d5872c4af3e6"
    dependencies:
      invariant "^2.2.1"
      lodash "^4.13.1"
      reduce-reducers "^0.1.0"
  
  redux@^3.6.0:
    version "3.6.0"
    resolved "http://registry.npm.taobao.org/redux/download/redux-3.6.0.tgz#887c2b3d0b9bd86eca2be70571c27654c19e188d"
    dependencies:
      lodash "^4.2.1"
      lodash-es "^4.2.1"
      loose-envify "^1.1.0"
      symbol-observable "^1.0.2"
  
  symbol-observable@^1.0.2:
    version "1.0.4"
    resolved "http://registry.npm.taobao.org/symbol-observable/download/symbol-observable-1.0.4.tgz#29bf615d4aa7121bdd898b22d4b3f9bc4e2aa03d"

Trace: 
  Error: EPERM: operation not permitted, unlink 'F:\android\react_native\newAct\nativeProject\src\node_modules\react-redux\node_modules\.bin'
      at Error (native)
